     Input file > Reading   39 bands at    141 k-points
Range:  -53.4610   17.4120eV  Emin, Emax, [firstk, lastk] > high-symmetry point:  0.0000 0.0000 0.0000   x coordinate   0.0000
high-symmetry point:  0.3333 0.5774 0.0000   x coordinate   0.6667
high-symmetry point:  0.5000 0.2887 0.0000   x coordinate   1.0000
high-symmetry point:  0.0000 0.0000 0.0000   x coordinate   1.5773
high-symmetry point:  0.0000 0.0000 0.1073   x coordinate   1.6847
high-symmetry point:  0.0167 0.0289 0.1073   x coordinate   1.7180
high-symmetry point:  0.0333 0.0577 0.1073   x coordinate   1.7513
high-symmetry point:  0.0500 0.0866 0.1073   x coordinate   1.7847
high-symmetry point:  0.0667 0.1155 0.1073   x coordinate   1.8180
high-symmetry point:  0.0833 0.1443 0.1073   x coordinate   1.8513
high-symmetry point:  0.1000 0.1732 0.1073   x coordinate   1.8847
high-symmetry point:  0.1167 0.2021 0.1073   x coordinate   1.9180
high-symmetry point:  0.1333 0.2309 0.1073   x coordinate   1.9513
high-symmetry point:  0.1500 0.2598 0.1073   x coordinate   1.9847
high-symmetry point:  0.1667 0.2887 0.1073   x coordinate   2.0180
high-symmetry point:  0.1833 0.3175 0.1073   x coordinate   2.0513
high-symmetry point:  0.2000 0.3464 0.1073   x coordinate   2.0847
high-symmetry point:  0.2167 0.3753 0.1073   x coordinate   2.1180
high-symmetry point:  0.2333 0.4041 0.1073   x coordinate   2.1513
high-symmetry point:  0.2500 0.4330 0.1073   x coordinate   2.1847
high-symmetry point:  0.2667 0.4619 0.1073   x coordinate   2.2180
high-symmetry point:  0.2833 0.4907 0.1073   x coordinate   2.2513
high-symmetry point:  0.3000 0.5196 0.1073   x coordinate   2.2847
high-symmetry point:  0.3167 0.5485 0.1073   x coordinate   2.3180
high-symmetry point:  0.3333 0.5774 0.1073   x coordinate   2.3513
high-symmetry point:  0.5000 0.2887 0.1073   x coordinate   2.6847
high-symmetry point:  0.0000 0.0000 0.1073   x coordinate   3.2620
output file (gnuplot/xmgr) > bands in gnuplot/xmgr format written to file MoS2.NovdW.fixed.band.xmgr                                                                                                                                                                                                                                      
output file (ps) > Efermi > deltaE, reference E (for tics) bands in PostScript format written to file MoS2.NovdW.fixed.band.ps                                                                                                                                                                                                                                        
